<?xml version="1.0" encoding="UTF-8"?>
<testsuite name="de.tuda.dmdb.access.TestLeaf" tests="2" skipped="0" failures="0" errors="0" timestamp="2021-12-12T14:48:49" hostname="chenweihaodeMBP" time="0.012">
  <properties/>
  <testcase name="testLeafInsertsIntoTable()" classname="de.tuda.dmdb.access.TestLeaf" time="0.007"/>
  <testcase name="testLeafLookup()" classname="de.tuda.dmdb.access.TestLeaf" time="0.004"/>
  <system-out><![CDATA[]]></system-out>
  <system-err><![CDATA[]]></system-err>
</testsuite>
