<?xml version="1.0" encoding="UTF-8"?>
<testsuite name="de.tuda.dmdb.access.advanced.TestAdvancedLeaf" tests="1" skipped="0" failures="0" errors="0" timestamp="2021-12-12T14:48:48" hostname="chenweihaodeMBP" time="0.0">
  <properties/>
  <testcase name="testLeafContainsAndDoesNotContainRecord()" classname="de.tuda.dmdb.access.advanced.TestAdvancedLeaf" time="0.0"/>
  <system-out><![CDATA[]]></system-out>
  <system-err><![CDATA[]]></system-err>
</testsuite>
