<?xml version="1.0" encoding="UTF-8"?>
<testsuite name="de.tuda.dmdb.buffer.advanced.TestAdvancedBufferManager" tests="4" skipped="0" failures="0" errors="0" timestamp="2021-12-12T14:48:49" hostname="chenweihaodeMBP" time="0.003">
  <properties/>
  <testcase name="testPin()" classname="de.tuda.dmdb.buffer.advanced.TestAdvancedBufferManager" time="0.0"/>
  <testcase name="testClockReplacementLectureExample()" classname="de.tuda.dmdb.buffer.advanced.TestAdvancedBufferManager" time="0.0"/>
  <testcase name="testImmediateUnpin()" classname="de.tuda.dmdb.buffer.advanced.TestAdvancedBufferManager" time="0.0"/>
  <testcase name="testClockReplacementRefBitSetToOne()" classname="de.tuda.dmdb.buffer.advanced.TestAdvancedBufferManager" time="0.0"/>
  <system-out><![CDATA[]]></system-out>
  <system-err><![CDATA[]]></system-err>
</testsuite>
