<?xml version="1.0" encoding="UTF-8"?>
<testsuite name="de.tuda.dmdb.buffer.advanced.TestAdvancedClockReplacement" tests="6" skipped="0" failures="0" errors="0" timestamp="2021-12-12T14:48:49" hostname="chenweihaodeMBP" time="0.006">
  <properties/>
  <testcase name="testUnfix()" classname="de.tuda.dmdb.buffer.advanced.TestAdvancedClockReplacement" time="0.0"/>
  <testcase name="testEvictionCalledTwiseShouldNotMoveHand()" classname="de.tuda.dmdb.buffer.advanced.TestAdvancedClockReplacement" time="0.0"/>
  <testcase name="testFixAfterEviction()" classname="de.tuda.dmdb.buffer.advanced.TestAdvancedClockReplacement" time="0.0"/>
  <testcase name="testUnfixCalledTwiseShouldNotChangeRefBit()" classname="de.tuda.dmdb.buffer.advanced.TestAdvancedClockReplacement" time="0.0"/>
  <testcase name="testUnfixingAnUnknownPage()" classname="de.tuda.dmdb.buffer.advanced.TestAdvancedClockReplacement" time="0.0"/>
  <testcase name="testFixCalledTwiseShouldNotChangeRefBit()" classname="de.tuda.dmdb.buffer.advanced.TestAdvancedClockReplacement" time="0.001"/>
  <system-out><![CDATA[]]></system-out>
  <system-err><![CDATA[]]></system-err>
</testsuite>
