<?xml version="1.0" encoding="UTF-8"?>
<testsuite name="de.tuda.dmdb.access.TestUniqueBPlusTree" tests="2" skipped="0" failures="0" errors="0" timestamp="2021-12-12T14:48:49" hostname="chenweihaodeMBP" time="0.02">
  <properties/>
  <testcase name="testIndexSimple2()" classname="de.tuda.dmdb.access.TestUniqueBPlusTree" time="0.011"/>
  <testcase name="testIndexSimple()" classname="de.tuda.dmdb.access.TestUniqueBPlusTree" time="0.007"/>
  <system-out><![CDATA[]]></system-out>
  <system-err><![CDATA[]]></system-err>
</testsuite>
