<?xml version="1.0" encoding="UTF-8"?>
<testsuite name="de.tuda.dmdb.buffer.TestLRUReplacement" tests="2" skipped="0" failures="0" errors="0" timestamp="2021-12-12T14:48:49" hostname="chenweihaodeMBP" time="0.004">
  <properties/>
  <testcase name="testFixingTooManyFrames()" classname="de.tuda.dmdb.buffer.TestLRUReplacement" time="0.003"/>
  <testcase name="testEviction()" classname="de.tuda.dmdb.buffer.TestLRUReplacement" time="0.001"/>
  <system-out><![CDATA[fix 0
4
fix 1
3
fix 2
2
fix 3
1
fix 5
0
fix 0
4
fix 1
3
fix 2
2
fix 3
1
unfix 0
evict 0
]]></system-out>
  <system-err><![CDATA[]]></system-err>
</testsuite>
