<?xml version="1.0" encoding="UTF-8"?>
<testsuite name="de.tuda.dmdb.access.TestNode" tests="2" skipped="0" failures="0" errors="0" timestamp="2021-12-12T14:48:48" hostname="chenweihaodeMBP" time="1.183">
  <properties/>
  <testcase name="testNodeSplitsChild()" classname="de.tuda.dmdb.access.TestNode" time="1.171"/>
  <testcase name="testNodeLookup()" classname="de.tuda.dmdb.access.TestNode" time="0.011"/>
  <system-out><![CDATA[]]></system-out>
  <system-err><![CDATA[]]></system-err>
</testsuite>
